#
# A fatal error has been detected by the Java Runtime Environment:
#
#  SIGSEGV (0xb) at pc=0x00007fff7e4b9181, pid=37495, tid=0x0000000000000307
#
# JRE version: Java(TM) SE Runtime Environment (8.0_201-b09) (build 1.8.0_201-b09)
# Java VM: Java HotSpot(TM) 64-Bit Server VM (25.201-b09 mixed mode bsd-amd64 compressed oops)
# Problematic frame:
# C  [libobjc.A.dylib+0x9181]  objc_release+0x21
#
# Failed to write core dump. Core dumps have been disabled. To enable core dumping, try "ulimit -c unlimited" before starting Java again
#
# If you would like to submit a bug report, please visit:
#   http://bugreport.java.com/bugreport/crash.jsp
# The crash happened outside the Java Virtual Machine in native code.
# See problematic frame for where to report the bug.
#

---------------  T H R E A D  ---------------

Current thread (0x00007fb922070800):  JavaThread "AWT-AppKit" daemon [_thread_in_native, id=775, stack(0x00007ffedfa59000,0x00007ffee0259000)]

siginfo: si_signo: 11 (SIGSEGV), si_code: 0 (unknown), si_addr: 0x0000000000000000

Registers:
RAX=0x00007ffffffffff8, RBX=0x0000000000000000, RCX=0x0000000000000003, RDX=0x00007fb928f24bc8
RSP=0x00007ffee02542c0, RBP=0x00007ffee02542c0, RSI=0x00000001176b1280, RDI=0xb00007fb928f2370
R8 =0x9e3779b97f4a7c55, R9 =0x0000000000000001, R10=0x0000000118765840, R11=0x00007fb9225ead80
R12=0x0000000000000000, R13=0x000000019f46f608, R14=0x00007fb928f274d0, R15=0x00007fb922070800
RIP=0x00007fff7e4b9181, EFLAGS=0x0000000000010246, ERR=0x0000000000000000
  TRAPNO=0x000000000000000d

Top of Stack: (sp=0x00007ffee02542c0)
0x00007ffee02542c0:   00007ffee02542f0 000000011763680e
0x00007ffee02542d0:   00007ffee02542f0 0000000118765450
0x00007ffee02542e0:   0000000118765440 00007fb922070800
0x00007ffee02542f0:   00007ffee02543b0 0000000118763215
0x00007ffee0254300:   0000000118765700 00000001187656e0
0x00007ffee0254310:   00000001187654b0 0000000000000000
0x00007ffee0254320:   000000019f46f608 000000019f46f608
0x00007ffee0254330:   00007fb928f24bc0 00000001187656a0
0x00007ffee0254340:   0000000118765710 00007fffb19d3b88
0x00007ffee0254350:   00007fffb30e0fc8 0000000118765450
0x00007ffee0254360:   0000000118765690 00007fb928f24bc0
0x00007ffee0254370:   00007fb928f274d0 00007fb921b21b60
0x00007ffee0254380:   00007fb928f24bc0 00007fb928f274d0
0x00007ffee0254390:   00007ffee0254438 00007fb9220709f8
0x00007ffee02543a0:   000000019f46f608 00007ffee0254460
0x00007ffee02543b0:   00007ffee0254428 000000011a0c9667
0x00007ffee02543c0:   000000019f46f608 00007ffee0254460
0x00007ffee02543d0:   00007ffee0254428 000000011a0c93c7
0x00007ffee02543e0:   000000011a0c9382 00007ffee02543e8
0x00007ffee02543f0:   000000019f46f608 00007ffee0254460
0x00007ffee0254400:   000000019f472240 0000000000000000
0x00007ffee0254410:   000000019f46f608 0000000000000000
0x00007ffee0254420:   00007ffee0254448 00007ffee02544a8
0x00007ffee0254430:   000000011a0b92bd 000000076eeafa98
0x00007ffee0254440:   000000011a0c2d18 00007fb928f24bc0
0x00007ffee0254450:   00007ffee02544a8 00007fb928f274d0
0x00007ffee0254460:   000000011a0c4782 00007ffee0254468
0x00007ffee0254470:   000000019f46f7d2 00007ffee02544d0
0x00007ffee0254480:   000000019f472240 0000000000000000
0x00007ffee0254490:   000000019f46f7e0 00007ffee0254448
0x00007ffee02544a0:   00007ffee02544b8 00007ffee0254518
0x00007ffee02544b0:   000000011a0b92bd 00007fb928f24bc0 

Instructions: (pc=0x00007fff7e4b9181)
0x00007fff7e4b9161:   48 89 e5 48 85 ff 0f 84 9c 00 00 00 40 f6 c7 01
0x00007fff7e4b9171:   0f 85 92 00 00 00 48 b8 f8 ff ff ff ff 7f 00 00
0x00007fff7e4b9181:   48 23 07 f6 40 20 02 74 5e 48 b9 00 00 00 00 00
0x00007fff7e4b9191:   00 00 01 48 ba 00 00 00 00 00 00 40 00 48 8b 07 

Register to memory mapping:

RAX=0x00007ffffffffff8 is an unknown value
RBX=0x0000000000000000 is an unknown value
RCX=0x0000000000000003 is an unknown value
RDX=0x00007fb928f24bc8 is an unknown value
RSP=0x00007ffee02542c0 is pointing into the stack for thread: 0x00007fb922070800
RBP=0x00007ffee02542c0 is pointing into the stack for thread: 0x00007fb922070800
RSI=0x00000001176b1280: OBJC_IVAR_$_PrinterView.fCurPeekGraphics+0x1b60 in /Library/Java/JavaVirtualMachines/jdk1.8.0_201.jdk/Contents/Home/jre/lib/libawt_lwawt.dylib at 0x0000000117632000
RDI=0xb00007fb928f2370 is an unknown value
R8 =0x9e3779b97f4a7c55 is an unknown value
R9 =0x0000000000000001 is an unknown value
R10=0x0000000118765840: OBJC_CLASS_$_MyCALayer+0 in /private/var/folders/0d/wr3k3hx10rz8pn02h5xblk3m0000gn/T/jogamp_0000/file_cache/jln1578839501326116594/jln979209242403764002/libnativewindow_macosx.jnilib at 0x000000011875e000
R11=0x00007fb9225ead80 is an unknown value
R12=0x0000000000000000 is an unknown value
R13={method} {0x000000019f46f608} 'UnsetJAWTRootSurfaceLayer0' '(JJ)V' in 'jogamp/nativewindow/jawt/macosx/MacOSXJAWTWindow'
R14=0x00007fb928f274d0 is an unknown value
R15=0x00007fb922070800 is a thread


Stack: [0x00007ffedfa59000,0x00007ffee0259000],  sp=0x00007ffee02542c0,  free space=8172k
Native frames: (J=compiled Java code, j=interpreted, Vv=VM code, C=native code)
C  [libobjc.A.dylib+0x9181]  objc_release+0x21
C  [libawt_lwawt.dylib+0x480e]  -[AWTSurfaceLayers setLayer:]+0x54
C  [libnativewindow_macosx.jnilib+0x5215]  Java_jogamp_nativewindow_jawt_macosx_MacOSXJAWTWindow_UnsetJAWTRootSurfaceLayer0+0x1a5
j  jogamp.nativewindow.jawt.macosx.MacOSXJAWTWindow.UnsetJAWTRootSurfaceLayer0(JJ)V+0
j  jogamp.nativewindow.jawt.macosx.MacOSXJAWTWindow.access$200(JJ)V+2
j  jogamp.nativewindow.jawt.macosx.MacOSXJAWTWindow$1.run()V+38
J 2085 C1 com.jogamp.common.util.RunnableTask.run()V (345 bytes) @ 0x000000011a7b5e24 [0x000000011a7b5c80+0x1a4]
v  ~StubRoutines::call_stub
V  [libjvm.dylib+0x2f0bea]  JavaCalls::call_helper(JavaValue*, methodHandle*, JavaCallArguments*, Thread*)+0x6ae
V  [libjvm.dylib+0x327f28]  jni_invoke_nonstatic(JNIEnv_*, JavaValue*, _jobject*, JNICallType, _jmethodID*, JNI_ArgumentPusher*, Thread*)+0x2ec
V  [libjvm.dylib+0x31a70b]  jni_CallVoidMethod+0x16b
C  [libnativewindow_macosx.jnilib+0x5326]  Java_jogamp_nativewindow_jawt_macosx_MacOSXJAWTWindow_UnsetJAWTRootSurfaceLayer0+0x2b6
C  [Foundation+0x681c5]  __NSThreadPerformPerform+0x14e
C  [CoreFoundation+0xa3721]  __CFRUNLOOP_IS_CALLING_OUT_TO_A_SOURCE0_PERFORM_FUNCTION__+0x11
C  [CoreFoundation+0x15d0ac]  __CFRunLoopDoSource0+0x6c
C  [CoreFoundation+0x862bc]  __CFRunLoopDoSources0+0x12c
C  [CoreFoundation+0x856dd]  __CFRunLoopRun+0x50d
C  [CoreFoundation+0x84f43]  CFRunLoopRunSpecific+0x1e3
C  [HIToolbox+0x2fe26]  RunCurrentEventLoopInMode+0x11e
C  [HIToolbox+0x2fa9f]  ReceiveNextEventCommon+0x16e
C  [HIToolbox+0x2f914]  _BlockUntilNextEventMatchingListInModeWithFilter+0x40
C  [AppKit+0x41f5f]  _DPSNextEvent+0x825
C  [AppKit+0x7d7b4c]  -[NSApplication(NSEvent) _nextEventMatchingEventMask:untilDate:inMode:dequeue:]+0xbe4
C  [libosxapp.dylib+0x2328]  -[NSApplicationAWT nextEventMatchingMask:untilDate:inMode:dequeue:]+0x7c
C  [AppKit+0x36d6d]  -[NSApplication run]+0x2fc
C  [libosxapp.dylib+0x1f72]  +[NSApplicationAWT runAWTLoopWithApp:]+0x9c
C  [libawt_lwawt.dylib+0x4711f]  -[AWTStarter starter:]+0x389
C  [Foundation+0x681c5]  __NSThreadPerformPerform+0x14e
C  [CoreFoundation+0xa3721]  __CFRUNLOOP_IS_CALLING_OUT_TO_A_SOURCE0_PERFORM_FUNCTION__+0x11
C  [CoreFoundation+0x15d0ac]  __CFRunLoopDoSource0+0x6c
C  [CoreFoundation+0x86260]  __CFRunLoopDoSources0+0xd0
C  [CoreFoundation+0x856dd]  __CFRunLoopRun+0x50d
C  [CoreFoundation+0x84f43]  CFRunLoopRunSpecific+0x1e3
C  [java+0x646e]  CreateExecutionEnvironment+0x367
C  [java+0x203c]  JLI_Launch+0x7a0
C  [java+0x84cb]  main+0x65
C  [java+0x1894]  start+0x34
C  0x0000000000000007

Java frames: (J=compiled Java code, j=interpreted, Vv=VM code)
j  jogamp.nativewindow.jawt.macosx.MacOSXJAWTWindow.UnsetJAWTRootSurfaceLayer0(JJ)V+0
j  jogamp.nativewindow.jawt.macosx.MacOSXJAWTWindow.access$200(JJ)V+2
j  jogamp.nativewindow.jawt.macosx.MacOSXJAWTWindow$1.run()V+38
J 2085 C1 com.jogamp.common.util.RunnableTask.run()V (345 bytes) @ 0x000000011a7b5e24 [0x000000011a7b5c80+0x1a4]
v  ~StubRoutines::call_stub

---------------  P R O C E S S  ---------------

Java Threads: ( => current thread )
  0x00007fb920463000 JavaThread "Thread-48" [_thread_blocked, id=87559, stack(0x000070000ed2b000,0x000070000ee2b000)]
  0x00007fb921041000 JavaThread "Keep-Alive-Timer" daemon [_thread_blocked, id=126367, stack(0x000070000d660000,0x000070000d760000)]
  0x00007fb923896800 JavaThread "AWT-EventQueue-1" [_thread_blocked, id=65315, stack(0x000070000f54c000,0x000070000f64c000)]
  0x00007fb922002800 JavaThread "DestroyJavaVM" [_thread_blocked, id=6403, stack(0x000070000d7e9000,0x000070000d8e9000)]
  0x00007fb92016d800 JavaThread "AWT-EventQueue-0" [_thread_blocked, id=66583, stack(0x000070000f2c3000,0x000070000f3c3000)]
  0x00007fb921040800 JavaThread "Java2D Disposer" daemon [_thread_blocked, id=73763, stack(0x000070000f03a000,0x000070000f13a000)]
  0x00007fb920963000 JavaThread "Java2D Queue Flusher" daemon [_thread_blocked, id=79887, stack(0x000070000ef37000,0x000070000f037000)]
  0x00007fb9208e0800 JavaThread "AWT-Shutdown" [_thread_blocked, id=25131, stack(0x000070000eb22000,0x000070000ec22000)]
=>0x00007fb922070800 JavaThread "AWT-AppKit" daemon [_thread_in_native, id=775, stack(0x00007ffedfa59000,0x00007ffee0259000)]
  0x00007fb922038800 JavaThread "Service Thread" daemon [_thread_blocked, id=16131, stack(0x000070000e91c000,0x000070000ea1c000)]
  0x00007fb92083b800 JavaThread "C1 CompilerThread3" daemon [_thread_blocked, id=15363, stack(0x000070000e819000,0x000070000e919000)]
  0x00007fb92083b000 JavaThread "C2 CompilerThread2" daemon [_thread_blocked, id=14851, stack(0x000070000e716000,0x000070000e816000)]
  0x00007fb92083a000 JavaThread "C2 CompilerThread1" daemon [_thread_blocked, id=14595, stack(0x000070000e613000,0x000070000e713000)]
  0x00007fb92081e000 JavaThread "C2 CompilerThread0" daemon [_thread_blocked, id=14339, stack(0x000070000e510000,0x000070000e610000)]
  0x00007fb922032000 JavaThread "Signal Dispatcher" daemon [_thread_blocked, id=17163, stack(0x000070000e40d000,0x000070000e50d000)]
  0x00007fb920811800 JavaThread "Finalizer" daemon [_thread_blocked, id=12547, stack(0x000070000e30a000,0x000070000e40a000)]
  0x00007fb920014800 JavaThread "Reference Handler" daemon [_thread_blocked, id=12035, stack(0x000070000e207000,0x000070000e307000)]

Other Threads:
  0x00007fb920012000 VMThread [stack: 0x000070000e104000,0x000070000e204000] [id=11779]
  0x00007fb920833800 WatcherThread [stack: 0x000070000ea1f000,0x000070000eb1f000] [id=15619]

VM state:not at safepoint (normal execution)

VM Mutex/Monitor currently owned by a thread: None

heap address: 0x00000006c0000000, size: 4096 MB, Compressed Oops mode: Zero based, Oop shift amount: 3
Narrow klass base: 0x0000000000000000, Narrow klass shift: 3
Compressed class space size: 1073741824 Address: 0x00000007c0000000

Heap:
 PSYoungGen      total 76288K, used 25728K [0x000000076ab00000, 0x0000000770000000, 0x00000007c0000000)
  eden space 65536K, 22% used [0x000000076ab00000,0x000000076b9a2e30,0x000000076eb00000)
  from space 10752K, 99% used [0x000000076eb00000,0x000000076f57d500,0x000000076f580000)
  to   space 10752K, 0% used [0x000000076f580000,0x000000076f580000,0x0000000770000000)
 ParOldGen       total 175104K, used 14721K [0x00000006c0000000, 0x00000006cab00000, 0x000000076ab00000)
  object space 175104K, 8% used [0x00000006c0000000,0x00000006c0e60750,0x00000006cab00000)
 Metaspace       used 19310K, capacity 19625K, committed 19968K, reserved 1067008K
  class space    used 1922K, capacity 2025K, committed 2048K, reserved 1048576K

Card table byte_map: [0x0000000111df8000,0x00000001125f9000] byte_map_base: 0x000000010e7f8000

Marking Bits: (ParMarkBitMap*) 0x00000001112fbe40
 Begin Bits: [0x00000001290b1000, 0x000000012d0b1000)
 End Bits:   [0x000000012d0b1000, 0x00000001310b1000)

Polling page: 0x000000010f9f6000

CodeCache: size=245760Kb used=7802Kb max_used=7802Kb free=237957Kb
 bounds [0x000000011a0b1000, 0x000000011a861000, 0x00000001290b1000]
 total_blobs=3087 nmethods=2193 adapters=807
 compilation: enabled

Compilation events (10 events):
Event: 12.427 Thread 0x00007fb92081e000 2213  s    4       sun.misc.URLClassPath::getNextLoader (88 bytes)
Event: 12.427 Thread 0x00007fb92083b800 nmethod 2212 0x000000011a845390 code [0x000000011a845500, 0x000000011a845690]
Event: 12.429 Thread 0x00007fb92083b800 2214       3       sun.awt.AWTAccessor::getAWTEventAccessor (18 bytes)
Event: 12.430 Thread 0x00007fb92083b800 nmethod 2214 0x000000011a8470d0 code [0x000000011a847240, 0x000000011a847488]
Event: 12.430 Thread 0x00007fb92083b800 2215       3       sun.java2d.pipe.PixelToParallelogramConverter::normalize (15 bytes)
Event: 12.430 Thread 0x00007fb92083b800 nmethod 2215 0x000000011a846b90 code [0x000000011a846d40, 0x000000011a846fc8]
Event: 12.430 Thread 0x00007fb92083b800 2216       3       sun.font.FontDesignMetrics::getLatinCharWidth (29 bytes)
Event: 12.430 Thread 0x00007fb92083b800 nmethod 2216 0x000000011a852150 code [0x000000011a852300, 0x000000011a852648]
Event: 12.430 Thread 0x00007fb92083b800 2217       3       java.lang.invoke.LambdaForm::uncustomize (58 bytes)
Event: 12.430 Thread 0x00007fb92083b800 nmethod 2217 0x000000011a851c90 code [0x000000011a851e00, 0x000000011a8520b0]

GC Heap History (6 events):
Event: 3.556 GC heap before
{Heap before GC invocations=1 (full 0):
 PSYoungGen      total 76288K, used 65536K [0x000000076ab00000, 0x0000000770000000, 0x00000007c0000000)
  eden space 65536K, 100% used [0x000000076ab00000,0x000000076eb00000,0x000000076eb00000)
  from space 10752K, 0% used [0x000000076f580000,0x000000076f580000,0x0000000770000000)
  to   space 10752K, 0% used [0x000000076eb00000,0x000000076eb00000,0x000000076f580000)
 ParOldGen       total 175104K, used 0K [0x00000006c0000000, 0x00000006cab00000, 0x000000076ab00000)
  object space 175104K, 0% used [0x00000006c0000000,0x00000006c0000000,0x00000006cab00000)
 Metaspace       used 18350K, capacity 18677K, committed 18944K, reserved 1067008K
  class space    used 1887K, capacity 1989K, committed 2048K, reserved 1048576K
Event: 3.566 GC heap after
Heap after GC invocations=1 (full 0):
 PSYoungGen      total 76288K, used 10726K [0x000000076ab00000, 0x0000000770000000, 0x00000007c0000000)
  eden space 65536K, 0% used [0x000000076ab00000,0x000000076ab00000,0x000000076eb00000)
  from space 10752K, 99% used [0x000000076eb00000,0x000000076f579960,0x000000076f580000)
  to   space 10752K, 0% used [0x000000076f580000,0x000000076f580000,0x0000000770000000)
 ParOldGen       total 175104K, used 3287K [0x00000006c0000000, 0x00000006cab00000, 0x000000076ab00000)
  object space 175104K, 1% used [0x00000006c0000000,0x00000006c0335e50,0x00000006cab00000)
 Metaspace       used 18350K, capacity 18677K, committed 18944K, reserved 1067008K
  class space    used 1887K, capacity 1989K, committed 2048K, reserved 1048576K
}
Event: 4.937 GC heap before
{Heap before GC invocations=2 (full 0):
 PSYoungGen      total 76288K, used 76262K [0x000000076ab00000, 0x0000000770000000, 0x00000007c0000000)
  eden space 65536K, 100% used [0x000000076ab00000,0x000000076eb00000,0x000000076eb00000)
  from space 10752K, 99% used [0x000000076eb00000,0x000000076f579960,0x000000076f580000)
  to   space 10752K, 0% used [0x000000076f580000,0x000000076f580000,0x0000000770000000)
 ParOldGen       total 175104K, used 3287K [0x00000006c0000000, 0x00000006cab00000, 0x000000076ab00000)
  object space 175104K, 1% used [0x00000006c0000000,0x00000006c0335e50,0x00000006cab00000)
 Metaspace       used 18817K, capacity 19131K, committed 19456K, reserved 1067008K
  class space    used 1902K, capacity 1990K, committed 2048K, reserved 1048576K
Event: 4.947 GC heap after
Heap after GC invocations=2 (full 0):
 PSYoungGen      total 76288K, used 10725K [0x000000076ab00000, 0x0000000770000000, 0x00000007c0000000)
  eden space 65536K, 0% used [0x000000076ab00000,0x000000076ab00000,0x000000076eb00000)
  from space 10752K, 99% used [0x000000076f580000,0x000000076fff9530,0x0000000770000000)
  to   space 10752K, 0% used [0x000000076eb00000,0x000000076eb00000,0x000000076f580000)
 ParOldGen       total 175104K, used 10240K [0x00000006c0000000, 0x00000006cab00000, 0x000000076ab00000)
  object space 175104K, 5% used [0x00000006c0000000,0x00000006c0a00110,0x00000006cab00000)
 Metaspace       used 18817K, capacity 19131K, committed 19456K, reserved 1067008K
  class space    used 1902K, capacity 1990K, committed 2048K, reserved 1048576K
}
Event: 10.777 GC heap before
{Heap before GC invocations=3 (full 0):
 PSYoungGen      total 76288K, used 76261K [0x000000076ab00000, 0x0000000770000000, 0x00000007c0000000)
  eden space 65536K, 100% used [0x000000076ab00000,0x000000076eb00000,0x000000076eb00000)
  from space 10752K, 99% used [0x000000076f580000,0x000000076fff9530,0x0000000770000000)
  to   space 10752K, 0% used [0x000000076eb00000,0x000000076eb00000,0x000000076f580000)
 ParOldGen       total 175104K, used 10240K [0x00000006c0000000, 0x00000006cab00000, 0x000000076ab00000)
  object space 175104K, 5% used [0x00000006c0000000,0x00000006c0a00110,0x00000006cab00000)
 Metaspace       used 19179K, capacity 19483K, committed 19712K, reserved 1067008K
  class space    used 1910K, capacity 2022K, committed 2048K, reserved 1048576K
Event: 10.783 GC heap after
Heap after GC invocations=3 (full 0):
 PSYoungGen      total 76288K, used 10741K [0x000000076ab00000, 0x0000000770000000, 0x00000007c0000000)
  eden space 65536K, 0% used [0x000000076ab00000,0x000000076ab00000,0x000000076eb00000)
  from space 10752K, 99% used [0x000000076eb00000,0x000000076f57d500,0x000000076f580000)
  to   space 10752K, 0% used [0x000000076f580000,0x000000076f580000,0x0000000770000000)
 ParOldGen       total 175104K, used 14721K [0x00000006c0000000, 0x00000006cab00000, 0x000000076ab00000)
  object space 175104K, 8% used [0x00000006c0000000,0x00000006c0e60750,0x00000006cab00000)
 Metaspace       used 19179K, capacity 19483K, committed 19712K, reserved 1067008K
  class space    used 1910K, capacity 2022K, committed 2048K, reserved 1048576K
}

Deoptimization events (9 events):
Event: 1.069 Thread 0x00007fb922002800 Uncommon trap: reason=unstable_if action=reinterpret pc=0x000000011a2650c0 method=java.lang.String.replace(CC)Ljava/lang/String; @ 26
Event: 2.233 Thread 0x00007fb922002800 Uncommon trap: reason=unstable_if action=reinterpret pc=0x000000011a2beec0 method=java.lang.String.toLowerCase(Ljava/util/Locale;)Ljava/lang/String; @ 85
Event: 2.470 Thread 0x00007fb922437000 Uncommon trap: reason=unstable_if action=reinterpret pc=0x000000011a2a78b8 method=java.lang.String.indexOf([CII[CIII)I @ 3
Event: 3.379 Thread 0x00007fb923896800 Uncommon trap: reason=unstable_if action=reinterpret pc=0x000000011a297fd0 method=java.lang.AbstractStringBuilder.append(Ljava/lang/String;)Ljava/lang/AbstractStringBuilder; @ 1
Event: 3.475 Thread 0x00007fb923896800 Uncommon trap: reason=unstable_if action=reinterpret pc=0x000000011a46d564 method=java.util.HashMap$HashIterator.<init>(Ljava/util/HashMap;)V @ 38
Event: 12.388 Thread 0x00007fb923896800 Uncommon trap: reason=unstable_if action=reinterpret pc=0x000000011a605728 method=com.jogamp.common.util.VersionNumber.compareTo(Lcom/jogamp/common/util/VersionNumber;)I @ 21
Event: 12.419 Thread 0x00007fb923033800 Uncommon trap: reason=unstable_if action=reinterpret pc=0x000000011a1c1444 method=java.util.HashMap.putVal(ILjava/lang/Object;Ljava/lang/Object;ZZ)Ljava/lang/Object; @ 81
Event: 12.429 Thread 0x00007fb923896800 Uncommon trap: reason=unstable_if action=reinterpret pc=0x000000011a84c82c method=java.security.AccessControlContext.optimize()Ljava/security/AccessControlContext; @ 233
Event: 12.429 Thread 0x00007fb920463000 Uncommon trap: reason=predicate action=maybe_recompile pc=0x000000011a587fc0 method=java.util.Vector.indexOf(Ljava/lang/Object;I)I @ 44

Classes redefined (0 events):
No events

Internal exceptions (10 events):
Event: 5.654 Thread 0x00007fb920b6b800 Exception <a 'java/security/PrivilegedActionException'> (0x000000076b5f25d8) thrown at [/Users/java_re/workspace/8-2-build-macosx-x86_64/jdk8u201/12322/hotspot/src/share/vm/prims/jvm.cpp, line 1502]
Event: 5.724 Thread 0x00007fb920b18800 Exception <a 'java/security/PrivilegedActionException'> (0x000000076b9faa98) thrown at [/Users/java_re/workspace/8-2-build-macosx-x86_64/jdk8u201/12322/hotspot/src/share/vm/prims/jvm.cpp, line 1502]
Event: 5.776 Thread 0x00007fb920b6c800 Exception <a 'java/security/PrivilegedActionException'> (0x000000076b8c1370) thrown at [/Users/java_re/workspace/8-2-build-macosx-x86_64/jdk8u201/12322/hotspot/src/share/vm/prims/jvm.cpp, line 1502]
Event: 5.911 Thread 0x00007fb920437800 Exception <a 'java/security/PrivilegedActionException'> (0x000000076bb46540) thrown at [/Users/java_re/workspace/8-2-build-macosx-x86_64/jdk8u201/12322/hotspot/src/share/vm/prims/jvm.cpp, line 1502]
Event: 6.014 Thread 0x00007fb920b19000 Exception <a 'java/security/PrivilegedActionException'> (0x000000076bd58708) thrown at [/Users/java_re/workspace/8-2-build-macosx-x86_64/jdk8u201/12322/hotspot/src/share/vm/prims/jvm.cpp, line 1502]
Event: 6.015 Thread 0x00007fb922649800 Exception <a 'java/security/PrivilegedActionException'> (0x000000076bf6a8c0) thrown at [/Users/java_re/workspace/8-2-build-macosx-x86_64/jdk8u201/12322/hotspot/src/share/vm/prims/jvm.cpp, line 1502]
Event: 6.062 Thread 0x00007fb920b6b800 Exception <a 'java/security/PrivilegedActionException'> (0x000000076c1dd718) thrown at [/Users/java_re/workspace/8-2-build-macosx-x86_64/jdk8u201/12322/hotspot/src/share/vm/prims/jvm.cpp, line 1502]
Event: 6.070 Thread 0x00007fb9203d6000 Exception <a 'java/security/PrivilegedActionException'> (0x000000076c0a3fe8) thrown at [/Users/java_re/workspace/8-2-build-macosx-x86_64/jdk8u201/12322/hotspot/src/share/vm/prims/jvm.cpp, line 1502]
Event: 6.415 Thread 0x00007fb92a103800 Exception <a 'java/security/PrivilegedActionException'> (0x000000076c7798d0) thrown at [/Users/java_re/workspace/8-2-build-macosx-x86_64/jdk8u201/12322/hotspot/src/share/vm/prims/jvm.cpp, line 1502]
Event: 6.417 Thread 0x00007fb92a104000 Exception <a 'java/security/PrivilegedActionException'> (0x000000076c79a560) thrown at [/Users/java_re/workspace/8-2-build-macosx-x86_64/jdk8u201/12322/hotspot/src/share/vm/prims/jvm.cpp, line 1502]

Events (10 events):
Event: 12.429 loading class java/awt/event/AWTEventListenerProxy
Event: 12.429 loading class java/awt/event/AWTEventListenerProxy done
Event: 12.429 loading class java/awt/Toolkit$ToolkitEventMulticaster
Event: 12.429 loading class java/awt/Toolkit$ToolkitEventMulticaster done
Event: 12.429 Thread 0x00007fb923033800 Thread exited: 0x00007fb923033800
Event: 12.429 Thread 0x00007fb920463000 Uncommon trap: trap_request=0xffffff86 fr.pc=0x000000011a587fc0
Event: 12.429 Thread 0x00007fb920463000 DEOPT PACKING pc=0x000000011a587fc0 sp=0x000070000ee2a7e0
Event: 12.430 Thread 0x00007fb920463000 DEOPT UNPACKING pc=0x000000011a0f673a sp=0x000070000ee2a7a0 mode 2
Event: 12.430 loading class java/awt/Window$1DisposeAction
Event: 12.430 loading class java/awt/Window$1DisposeAction done


Dynamic libraries:
0x00007fff56f6a000 	/System/Library/Frameworks/Cocoa.framework/Versions/A/Cocoa
0x00007fff63327000 	/System/Library/Frameworks/Security.framework/Versions/A/Security
0x00007fff55bd9000 	/System/Library/Frameworks/ApplicationServices.framework/Versions/A/ApplicationServices
0x00007fff7ee9b000 	/usr/lib/libz.1.dylib
0x00007fff7ceaf000 	/usr/lib/libSystem.B.dylib
0x00007fff7e4b0000 	/usr/lib/libobjc.A.dylib
0x00007fff57704000 	/System/Library/Frameworks/CoreFoundation.framework/Versions/A/CoreFoundation
0x00007fff5983a000 	/System/Library/Frameworks/Foundation.framework/Versions/C/Foundation
0x00007fff54d2a000 	/System/Library/Frameworks/AppKit.framework/Versions/C/AppKit
0x00007fff572e2000 	/System/Library/Frameworks/CoreData.framework/Versions/A/CoreData
0x00007fff768e0000 	/System/Library/PrivateFrameworks/RemoteViewServices.framework/Versions/A/RemoteViewServices
0x00007fff7af35000 	/System/Library/PrivateFrameworks/UIFoundation.framework/Versions/A/UIFoundation
0x00007fff6b926000 	/System/Library/PrivateFrameworks/DFRFoundation.framework/Versions/A/DFRFoundation
0x00007fff5bd11000 	/System/Library/Frameworks/Metal.framework/Versions/A/Metal
0x00007fff6bac7000 	/System/Library/PrivateFrameworks/DesktopServicesPriv.framework/Versions/A/DesktopServicesPriv
0x00007fff7dab2000 	/usr/lib/libenergytrace.dylib
0x00007fff79059000 	/System/Library/PrivateFrameworks/SkyLight.framework/Versions/A/SkyLight
0x00007fff57ba6000 	/System/Library/Frameworks/CoreGraphics.framework/Versions/A/CoreGraphics
0x00007fff7ceaa000 	/usr/lib/libScreenReader.dylib
0x00007fff53ceb000 	/System/Library/Frameworks/Accelerate.framework/Versions/A/Accelerate
0x00007fff59fb1000 	/System/Library/Frameworks/IOSurface.framework/Versions/A/IOSurface
0x00007fff56123000 	/System/Library/Frameworks/AudioToolbox.framework/Versions/A/AudioToolbox
0x00007fff563b0000 	/System/Library/Frameworks/AudioUnit.framework/Versions/A/AudioUnit
0x00007fff6b9c2000 	/System/Library/PrivateFrameworks/DataDetectorsCore.framework/Versions/A/DataDetectorsCore
0x00007fff56a71000 	/System/Library/Frameworks/Carbon.framework/Versions/A/Frameworks/HIToolbox.framework/Versions/A/HIToolbox
0x00007fff7dc0c000 	/usr/lib/libicucore.A.dylib
0x00007fff628a6000 	/System/Library/Frameworks/QuartzCore.framework/Versions/A/QuartzCore
0x00007fff56e57000 	/System/Library/Frameworks/Carbon.framework/Versions/A/Frameworks/SpeechRecognition.framework/Versions/A/SpeechRecognition
0x00007fff7d00b000 	/usr/lib/libauto.dylib
0x00007fff7ed8a000 	/usr/lib/libxml2.2.dylib
0x00007fff6b5a0000 	/System/Library/PrivateFrameworks/CoreUI.framework/Versions/A/CoreUI
0x00007fff571be000 	/System/Library/Frameworks/CoreAudio.framework/Versions/A/CoreAudio
0x00007fff59674000 	/System/Library/Frameworks/DiskArbitration.framework/Versions/A/DiskArbitration
0x00007fff7de80000 	/usr/lib/liblangid.dylib
0x00007fff72e2f000 	/System/Library/PrivateFrameworks/MultitouchSupport.framework/Versions/A/MultitouchSupport
0x00007fff59f14000 	/System/Library/Frameworks/IOKit.framework/Versions/A/IOKit
0x00007fff7cb47000 	/usr/lib/libDiagnosticMessagesClient.dylib
0x00007fff58864000 	/System/Library/Frameworks/CoreServices.framework/Versions/A/CoreServices
0x00007fff748c9000 	/System/Library/PrivateFrameworks/PerformanceAnalysis.framework/Versions/A/PerformanceAnalysis
0x00007fff61a50000 	/System/Library/Frameworks/OpenGL.framework/Versions/A/OpenGL
0x00007fff56f78000 	/System/Library/Frameworks/ColorSync.framework/Versions/A/ColorSync
0x00007fff581b5000 	/System/Library/Frameworks/CoreImage.framework/Versions/A/CoreImage
0x00007fff591e5000 	/System/Library/Frameworks/CoreText.framework/Versions/A/CoreText
0x00007fff5a00f000 	/System/Library/Frameworks/ImageIO.framework/Versions/A/ImageIO
0x00007fff67df9000 	/System/Library/PrivateFrameworks/Backup.framework/Versions/A/Backup
0x00007fff7cf5b000 	/usr/lib/libarchive.2.dylib
0x00007fff566c5000 	/System/Library/Frameworks/CFNetwork.framework/Versions/A/CFNetwork
0x00007fff63aa3000 	/System/Library/Frameworks/SystemConfiguration.framework/Versions/A/SystemConfiguration
0x00007fff7ca70000 	/usr/lib/libCRFSuite.dylib
0x00007fff7d0e3000 	/usr/lib/libc++.1.dylib
0x00007fff7d13a000 	/usr/lib/libc++abi.dylib
0x00007fff7ef4b000 	/usr/lib/system/libcache.dylib
0x00007fff7ef50000 	/usr/lib/system/libcommonCrypto.dylib
0x00007fff7ef5b000 	/usr/lib/system/libcompiler_rt.dylib
0x00007fff7ef63000 	/usr/lib/system/libcopyfile.dylib
0x00007fff7ef6c000 	/usr/lib/system/libcorecrypto.dylib
0x00007fff7f079000 	/usr/lib/system/libdispatch.dylib
0x00007fff7f0b3000 	/usr/lib/system/libdyld.dylib
0x00007fff7f0d1000 	/usr/lib/system/libkeymgr.dylib
0x00007fff7f0df000 	/usr/lib/system/liblaunch.dylib
0x00007fff7f0e0000 	/usr/lib/system/libmacho.dylib
0x00007fff7f0e5000 	/usr/lib/system/libquarantine.dylib
0x00007fff7f0e8000 	/usr/lib/system/libremovefile.dylib
0x00007fff7f0ea000 	/usr/lib/system/libsystem_asl.dylib
0x00007fff7f102000 	/usr/lib/system/libsystem_blocks.dylib
0x00007fff7f103000 	/usr/lib/system/libsystem_c.dylib
0x00007fff7f18d000 	/usr/lib/system/libsystem_configuration.dylib
0x00007fff7f191000 	/usr/lib/system/libsystem_coreservices.dylib
0x00007fff7f195000 	/usr/lib/system/libsystem_darwin.dylib
0x00007fff7f197000 	/usr/lib/system/libsystem_dnssd.dylib
0x00007fff7f19e000 	/usr/lib/system/libsystem_info.dylib
0x00007fff7f20e000 	/usr/lib/system/libsystem_m.dylib
0x00007fff7f25a000 	/usr/lib/system/libsystem_malloc.dylib
0x00007fff7f27a000 	/usr/lib/system/libsystem_network.dylib
0x00007fff7f31f000 	/usr/lib/system/libsystem_networkextension.dylib
0x00007fff7f32a000 	/usr/lib/system/libsystem_notify.dylib
0x00007fff7f348000 	/usr/lib/system/libsystem_sandbox.dylib
0x00007fff7f34c000 	/usr/lib/system/libsystem_secinit.dylib
0x00007fff7f1e8000 	/usr/lib/system/libsystem_kernel.dylib
0x00007fff7f334000 	/usr/lib/system/libsystem_platform.dylib
0x00007fff7f33c000 	/usr/lib/system/libsystem_pthread.dylib
0x00007fff7f34e000 	/usr/lib/system/libsystem_symptoms.dylib
0x00007fff7f356000 	/usr/lib/system/libsystem_trace.dylib
0x00007fff7f36b000 	/usr/lib/system/libunwind.dylib
0x00007fff7f371000 	/usr/lib/system/libxpc.dylib
0x00007fff7c99d000 	/usr/lib/closure/libclosured.dylib
0x00007fff7d0c4000 	/usr/lib/libbsm.0.dylib
0x00007fff7f0d2000 	/usr/lib/system/libkxld.dylib
0x00007fff7cd81000 	/usr/lib/libOpenScriptingUtil.dylib
0x00007fff7d434000 	/usr/lib/libcoretls.dylib
0x00007fff7d44d000 	/usr/lib/libcoretls_cfhelpers.dylib
0x00007fff7e8b1000 	/usr/lib/libpam.2.dylib
0x00007fff7e9d7000 	/usr/lib/libsqlite3.dylib
0x00007fff7ed79000 	/usr/lib/libxar.1.dylib
0x00007fff7d0d5000 	/usr/lib/libbz2.1.0.dylib
0x00007fff7de82000 	/usr/lib/liblzma.5.dylib
0x00007fff7e363000 	/usr/lib/libnetwork.dylib
0x00007fff7cf44000 	/usr/lib/libapple_nghttp2.dylib
0x00007fff7e8b8000 	/usr/lib/libpcap.A.dylib
0x00007fff7d00c000 	/usr/lib/libboringssl.dylib
0x00007fff7ed3b000 	/usr/lib/libusrtcp.dylib
0x00007fff7cf43000 	/usr/lib/libapple_crypto.dylib
0x00007fff58be7000 	/System/Library/Frameworks/CoreServices.framework/Versions/A/Frameworks/FSEvents.framework/Versions/A/FSEvents
0x00007fff588da000 	/System/Library/Frameworks/CoreServices.framework/Versions/A/Frameworks/CarbonCore.framework/Versions/A/CarbonCore
0x00007fff58da9000 	/System/Library/Frameworks/CoreServices.framework/Versions/A/Frameworks/Metadata.framework/Versions/A/Metadata
0x00007fff58e59000 	/System/Library/Frameworks/CoreServices.framework/Versions/A/Frameworks/OSServices.framework/Versions/A/OSServices
0x00007fff58eb7000 	/System/Library/Frameworks/CoreServices.framework/Versions/A/Frameworks/SearchKit.framework/Versions/A/SearchKit
0x00007fff58865000 	/System/Library/Frameworks/CoreServices.framework/Versions/A/Frameworks/AE.framework/Versions/A/AE
0x00007fff58bf0000 	/System/Library/Frameworks/CoreServices.framework/Versions/A/Frameworks/LaunchServices.framework/Versions/A/LaunchServices
0x00007fff58bb2000 	/System/Library/Frameworks/CoreServices.framework/Versions/A/Frameworks/DictionaryServices.framework/Versions/A/DictionaryServices
0x00007fff58f26000 	/System/Library/Frameworks/CoreServices.framework/Versions/A/Frameworks/SharedFileList.framework/Versions/A/SharedFileList
0x00007fff5cedd000 	/System/Library/Frameworks/NetFS.framework/Versions/A/NetFS
0x00007fff730bc000 	/System/Library/PrivateFrameworks/NetAuth.framework/Versions/A/NetAuth
0x00007fff7c837000 	/System/Library/PrivateFrameworks/login.framework/Versions/A/Frameworks/loginsupport.framework/Versions/A/loginsupport
0x00007fff7abb9000 	/System/Library/PrivateFrameworks/TCC.framework/Versions/A/TCC
0x00007fff7df63000 	/usr/lib/libmecabra.dylib
0x00007fff55bda000 	/System/Library/Frameworks/ApplicationServices.framework/Versions/A/Frameworks/ATS.framework/Versions/A/ATS
0x00007fff55f88000 	/System/Library/Frameworks/ApplicationServices.framework/Versions/A/Frameworks/ColorSyncLegacy.framework/Versions/A/ColorSyncLegacy
0x00007fff5602c000 	/System/Library/Frameworks/ApplicationServices.framework/Versions/A/Frameworks/HIServices.framework/Versions/A/HIServices
0x00007fff5607f000 	/System/Library/Frameworks/ApplicationServices.framework/Versions/A/Frameworks/LangAnalysis.framework/Versions/A/LangAnalysis
0x00007fff5608e000 	/System/Library/Frameworks/ApplicationServices.framework/Versions/A/Frameworks/PrintCore.framework/Versions/A/PrintCore
0x00007fff560db000 	/System/Library/Frameworks/ApplicationServices.framework/Versions/A/Frameworks/QD.framework/Versions/A/QD
0x00007fff56116000 	/System/Library/Frameworks/ApplicationServices.framework/Versions/A/Frameworks/SpeechSynthesis.framework/Versions/A/SpeechSynthesis
0x00007fff57637000 	/System/Library/Frameworks/CoreDisplay.framework/Versions/A/CoreDisplay
0x00007fff53d03000 	/System/Library/Frameworks/Accelerate.framework/Versions/A/Frameworks/vImage.framework/Versions/A/vImage
0x00007fff54a3a000 	/System/Library/Frameworks/Accelerate.framework/Versions/A/Frameworks/vecLib.framework/Versions/A/vecLib
0x00007fff547dc000 	/System/Library/Frameworks/Accelerate.framework/Versions/A/Frameworks/vecLib.framework/Versions/A/libvDSP.dylib
0x00007fff5435d000 	/System/Library/Frameworks/Accelerate.framework/Versions/A/Frameworks/vecLib.framework/Versions/A/libBNNS.dylib
0x00007fff54763000 	/System/Library/Frameworks/Accelerate.framework/Versions/A/Frameworks/vecLib.framework/Versions/A/libQuadrature.dylib
0x00007fff54989000 	/System/Library/Frameworks/Accelerate.framework/Versions/A/Frameworks/vecLib.framework/Versions/A/libvMisc.dylib
0x00007fff5438c000 	/System/Library/Frameworks/Accelerate.framework/Versions/A/Frameworks/vecLib.framework/Versions/A/libLAPACK.dylib
0x00007fff54202000 	/System/Library/Frameworks/Accelerate.framework/Versions/A/Frameworks/vecLib.framework/Versions/A/libBLAS.dylib
0x00007fff5474d000 	/System/Library/Frameworks/Accelerate.framework/Versions/A/Frameworks/vecLib.framework/Versions/A/libLinearAlgebra.dylib
0x00007fff54769000 	/System/Library/Frameworks/Accelerate.framework/Versions/A/Frameworks/vecLib.framework/Versions/A/libSparse.dylib
0x00007fff547c8000 	/System/Library/Frameworks/Accelerate.framework/Versions/A/Frameworks/vecLib.framework/Versions/A/libSparseBLAS.dylib
0x00007fff7175a000 	/System/Library/PrivateFrameworks/IOAccelerator.framework/Versions/A/IOAccelerator
0x00007fff71765000 	/System/Library/PrivateFrameworks/IOPresentment.framework/Versions/A/IOPresentment
0x00007fff6b938000 	/System/Library/PrivateFrameworks/DSExternalDisplay.framework/Versions/A/DSExternalDisplay
0x00007fff60ed2000 	/System/Library/Frameworks/OpenGL.framework/Versions/A/Libraries/libCoreFSCache.dylib
0x00007fff59334000 	/System/Library/Frameworks/CoreVideo.framework/Versions/A/CoreVideo
0x00007fff70dad000 	/System/Library/PrivateFrameworks/GraphVisualizer.framework/Versions/A/GraphVisualizer
0x00007fff5bed4000 	/System/Library/Frameworks/MetalPerformanceShaders.framework/Versions/A/MetalPerformanceShaders
0x00007fff7cb7f000 	/usr/lib/libFosl_dynamic.dylib
0x00007fff6c96b000 	/System/Library/PrivateFrameworks/FaceCore.framework/Versions/A/FaceCore
0x00007fff5fcda000 	/System/Library/Frameworks/OpenCL.framework/Versions/A/OpenCL
0x00007fff7d171000 	/usr/lib/libcompression.dylib
0x00007fff55cd9000 	/System/Library/Frameworks/ApplicationServices.framework/Versions/A/Frameworks/ATS.framework/Versions/A/Resources/libFontParser.dylib
0x00007fff55dfc000 	/System/Library/Frameworks/ApplicationServices.framework/Versions/A/Frameworks/ATS.framework/Versions/A/Resources/libFontRegistry.dylib
0x00007fff5a274000 	/System/Library/Frameworks/ImageIO.framework/Versions/A/Resources/libJPEG.dylib
0x00007fff5a59d000 	/System/Library/Frameworks/ImageIO.framework/Versions/A/Resources/libTIFF.dylib
0x00007fff5a573000 	/System/Library/Frameworks/ImageIO.framework/Versions/A/Resources/libPng.dylib
0x00007fff5a187000 	/System/Library/Frameworks/ImageIO.framework/Versions/A/Resources/libGIF.dylib
0x00007fff5a18c000 	/System/Library/Frameworks/ImageIO.framework/Versions/A/Resources/libJP2.dylib
0x00007fff5a59a000 	/System/Library/Frameworks/ImageIO.framework/Versions/A/Resources/libRadiance.dylib
0x00007fff6755a000 	/System/Library/PrivateFrameworks/AppleJPEG.framework/Versions/A/AppleJPEG
0x00007fff72ba5000 	/System/Library/PrivateFrameworks/MetalTools.framework/Versions/A/MetalTools
0x00007fff5bdad000 	/System/Library/Frameworks/MetalPerformanceShaders.framework/Frameworks/MPSCore.framework/Versions/A/MPSCore
0x00007fff5bdc3000 	/System/Library/Frameworks/MetalPerformanceShaders.framework/Frameworks/MPSImage.framework/Versions/A/MPSImage
0x00007fff5be2f000 	/System/Library/Frameworks/MetalPerformanceShaders.framework/Frameworks/MPSMatrix.framework/Versions/A/MPSMatrix
0x00007fff5be53000 	/System/Library/Frameworks/MetalPerformanceShaders.framework/Frameworks/MPSNeuralNetwork.framework/Versions/A/MPSNeuralNetwork
0x00007fff6109a000 	/System/Library/Frameworks/OpenGL.framework/Versions/A/Libraries/libGLU.dylib
0x00007fff60edc000 	/System/Library/Frameworks/OpenGL.framework/Versions/A/Libraries/libGFXShared.dylib
0x00007fff60ee5000 	/System/Library/Frameworks/OpenGL.framework/Versions/A/Libraries/libGL.dylib
0x00007fff60ef1000 	/System/Library/Frameworks/OpenGL.framework/Versions/A/Libraries/libGLImage.dylib
0x00007fff60ecf000 	/System/Library/Frameworks/OpenGL.framework/Versions/A/Libraries/libCVMSPluginSupport.dylib
0x00007fff60ed7000 	/System/Library/Frameworks/OpenGL.framework/Versions/A/Libraries/libCoreVMClient.dylib
0x00007fff7d91e000 	/usr/lib/libcups.2.dylib
0x00007fff5b379000 	/System/Library/Frameworks/Kerberos.framework/Versions/A/Kerberos
0x00007fff59c6f000 	/System/Library/Frameworks/GSS.framework/Versions/A/GSS
0x00007fff7e96b000 	/usr/lib/libresolv.9.dylib
0x00007fff7db1a000 	/usr/lib/libiconv.2.dylib
0x00007fff70e34000 	/System/Library/PrivateFrameworks/Heimdal.framework/Versions/A/Heimdal
0x00007fff7dae9000 	/usr/lib/libheimdal-asn1.dylib
0x00007fff5fd45000 	/System/Library/Frameworks/OpenDirectory.framework/Versions/A/OpenDirectory
0x00007fff69810000 	/System/Library/PrivateFrameworks/CommonAuth.framework/Versions/A/CommonAuth
0x00007fff5fd28000 	/System/Library/Frameworks/OpenDirectory.framework/Versions/A/Frameworks/CFOpenDirectory.framework/Versions/A/CFOpenDirectory
0x00007fff6363f000 	/System/Library/Frameworks/SecurityFoundation.framework/Versions/A/SecurityFoundation
0x00007fff66746000 	/System/Library/PrivateFrameworks/APFS.framework/Versions/A/APFS
0x00007fff7ed75000 	/usr/lib/libutil.dylib
0x00007fff675dd000 	/System/Library/PrivateFrameworks/AppleSauce.framework/Versions/A/AppleSauce
0x00007fff71f3c000 	/System/Library/PrivateFrameworks/LinguisticData.framework/Versions/A/LinguisticData
0x00007fff7de9c000 	/usr/lib/libmarisa.dylib
0x00007fff71ef6000 	/System/Library/PrivateFrameworks/Lexicon.framework/Versions/A/Lexicon
0x00007fff7caaa000 	/usr/lib/libChineseTokenizer.dylib
0x00007fff7d160000 	/usr/lib/libcmph.dylib
0x00007fff71e00000 	/System/Library/PrivateFrameworks/LanguageModeling.framework/Versions/A/LanguageModeling
0x00007fff6a226000 	/System/Library/PrivateFrameworks/CoreEmoji.framework/Versions/A/CoreEmoji
0x00007fff636fb000 	/System/Library/Frameworks/ServiceManagement.framework/Versions/A/ServiceManagement
0x00007fff67df1000 	/System/Library/PrivateFrameworks/BackgroundTaskManagement.framework/Versions/A/BackgroundTaskManagement
0x00007fff7ee72000 	/usr/lib/libxslt.1.dylib
0x00007fff56d81000 	/System/Library/Frameworks/Carbon.framework/Versions/A/Frameworks/Ink.framework/Versions/A/Ink
0x00007fff7adcd000 	/System/Library/PrivateFrameworks/TextureIO.framework/Versions/A/TextureIO
0x00007fff7cf86000 	/usr/lib/libate.dylib
0x00007fff6b89a000 	/System/Library/PrivateFrameworks/CrashReporterSupport.framework/Versions/A/CrashReporterSupport
0x00007fff78220000 	/System/Library/PrivateFrameworks/Sharing.framework/Versions/A/Sharing
0x00007fff71b46000 	/System/Library/PrivateFrameworks/IconServices.framework/Versions/A/IconServices
0x00007fff766e5000 	/System/Library/PrivateFrameworks/ProtocolBuffer.framework/Versions/A/ProtocolBuffer
0x00007fff673e5000 	/System/Library/PrivateFrameworks/Apple80211.framework/Versions/A/Apple80211
0x00007fff5936f000 	/System/Library/Frameworks/CoreWLAN.framework/Versions/A/CoreWLAN
0x00007fff6b6d5000 	/System/Library/PrivateFrameworks/CoreUtils.framework/Versions/A/CoreUtils
0x00007fff59db1000 	/System/Library/Frameworks/IOBluetooth.framework/Versions/A/IOBluetooth
0x00007fff6b835000 	/System/Library/PrivateFrameworks/CoreWiFi.framework/Versions/A/CoreWiFi
0x00007fff572b8000 	/System/Library/Frameworks/CoreBluetooth.framework/Versions/A/CoreBluetooth
0x00007fff7835b000 	/System/Library/PrivateFrameworks/SignpostNotification.framework/Versions/A/SignpostNotification
0x00007fff6ba86000 	/System/Library/PrivateFrameworks/DebugSymbols.framework/Versions/A/DebugSymbols
0x00007fff6b48c000 	/System/Library/PrivateFrameworks/CoreSymbolication.framework/Versions/A/CoreSymbolication
0x00007fff7a643000 	/System/Library/PrivateFrameworks/Symbolication.framework/Versions/A/Symbolication
0x00007fff6740f000 	/System/Library/PrivateFrameworks/AppleFSCompression.framework/Versions/A/AppleFSCompression
0x00007fff79aa4000 	/System/Library/PrivateFrameworks/SpeechRecognitionCore.framework/Versions/A/SpeechRecognitionCore
0x0000000110a00000 	/Library/Java/JavaVirtualMachines/jdk1.8.0_201.jdk/Contents/Home/jre/lib/server/libjvm.dylib
0x00007fff7ec6c000 	/usr/lib/libstdc++.6.0.9.dylib
0x000000010f9e8000 	/Library/Java/JavaVirtualMachines/jdk1.8.0_201.jdk/Contents/Home/jre/lib/libverify.dylib
0x00000001119b9000 	/Library/Java/JavaVirtualMachines/jdk1.8.0_201.jdk/Contents/Home/jre/lib/libjava.dylib
0x0000000111a2f000 	/Library/Java/JavaVirtualMachines/jdk1.8.0_201.jdk/Contents/Home/jre/lib/libzip.dylib
0x00000001174bd000 	/Library/Java/JavaVirtualMachines/jdk1.8.0_201.jdk/Contents/Home/jre/lib/libawt.dylib
0x0000000117566000 	/Library/Java/JavaVirtualMachines/jdk1.8.0_201.jdk/Contents/Home/jre/lib/./libmlib_image.dylib
0x00007fff5b362000 	/System/Library/Frameworks/JavaVM.framework/Versions/A/Frameworks/JavaNativeFoundation.framework/Versions/A/JavaNativeFoundation
0x00007fff5b36b000 	/System/Library/Frameworks/JavaVM.framework/Versions/A/Frameworks/JavaRuntimeSupport.framework/Versions/A/JavaRuntimeSupport
0x00007fff5b374000 	/System/Library/Frameworks/JavaVM.framework/Versions/A/JavaVM
0x00007fff71d03000 	/System/Library/PrivateFrameworks/JavaLaunching.framework/Versions/A/JavaLaunching
0x00007fff56a6c000 	/System/Library/Frameworks/Carbon.framework/Versions/A/Carbon
0x00007fff56a6d000 	/System/Library/Frameworks/Carbon.framework/Versions/A/Frameworks/CommonPanels.framework/Versions/A/CommonPanels
0x00007fff56d77000 	/System/Library/Frameworks/Carbon.framework/Versions/A/Frameworks/Help.framework/Versions/A/Help
0x00007fff56d7b000 	/System/Library/Frameworks/Carbon.framework/Versions/A/Frameworks/ImageCapture.framework/Versions/A/ImageCapture
0x00007fff56e17000 	/System/Library/Frameworks/Carbon.framework/Versions/A/Frameworks/OpenScripting.framework/Versions/A/OpenScripting
0x00007fff56e52000 	/System/Library/Frameworks/Carbon.framework/Versions/A/Frameworks/Print.framework/Versions/A/Print
0x00007fff56e54000 	/System/Library/Frameworks/Carbon.framework/Versions/A/Frameworks/SecurityHI.framework/Versions/A/SecurityHI
0x0000000117632000 	/Library/Java/JavaVirtualMachines/jdk1.8.0_201.jdk/Contents/Home/jre/lib/libawt_lwawt.dylib
0x00000001176ec000 	/Library/Java/JavaVirtualMachines/jdk1.8.0_201.jdk/Contents/Home/jre/lib/./libosxapp.dylib
0x00007fff59813000 	/System/Library/Frameworks/ExceptionHandling.framework/Versions/A/ExceptionHandling
0x00007fff6b10c000 	/System/Library/PrivateFrameworks/CoreServicesInternal.framework/Versions/A/CoreServicesInternal
0x00007fff4fe2c000 	/System/Library/CoreServices/RawCamera.bundle/Contents/MacOS/RawCamera
0x00007fff72c16000 	/System/Library/PrivateFrameworks/MobileAsset.framework/Versions/A/MobileAsset
0x00007fff79f4a000 	/System/Library/PrivateFrameworks/StreamingZip.framework/Versions/A/StreamingZip
0x00007fff5b6f4000 	/System/Library/Frameworks/MediaToolbox.framework/Versions/A/MediaToolbox
0x00007fff69e8b000 	/System/Library/PrivateFrameworks/CoreAVCHD.framework/Versions/A/CoreAVCHD
0x00007fff5b64a000 	/System/Library/Frameworks/MediaAccessibility.framework/Versions/A/MediaAccessibility
0x00007fff72767000 	/System/Library/PrivateFrameworks/Mangrove.framework/Versions/A/Mangrove
0x00007fff58733000 	/System/Library/Frameworks/CoreMedia.framework/Versions/A/CoreMedia
0x00007fff63cc8000 	/System/Library/Frameworks/VideoToolbox.framework/Versions/A/VideoToolbox
0x00007fff69aaa000 	/System/Library/PrivateFrameworks/CoreAUC.framework/Versions/A/CoreAUC
0x00007fff7e9d5000 	/usr/lib/libspindump.dylib
0x00007fff7d9f6000 	/usr/lib/libdscsym.dylib
0x00007fff676d2000 	/System/Library/PrivateFrameworks/AppleVA.framework/Versions/A/AppleVA
0x00007fff53cec000 	/System/Library/Frameworks/Accelerate.framework/Versions/A/Frameworks/vImage.framework/Versions/A/Libraries/libCGInterfaces.dylib
0x00007fff55eeb000 	/System/Library/Frameworks/ApplicationServices.framework/Versions/A/Frameworks/ATS.framework/Versions/A/Resources/libTrueTypeScaler.dylib
0x00007fff61a5f000 	/System/Library/Frameworks/OpenGL.framework/Versions/A/Resources/GLEngine.bundle/GLEngine
0x00007fff60f2d000 	/System/Library/Frameworks/OpenGL.framework/Versions/A/Libraries/libGLProgrammability.dylib
0x00000001310b1000 	/System/Library/Extensions/AppleIntelKBLGraphicsGLDriver.bundle/Contents/MacOS/AppleIntelKBLGraphicsGLDriver
0x00007fff70061000 	/System/Library/PrivateFrameworks/GPUSupport.framework/Versions/A/Libraries/libGPUSupportMercury.dylib
0x0000000119837000 	/System/Library/Extensions/AMDRadeonX4000GLDriver.bundle/Contents/MacOS/AMDRadeonX4000GLDriver
0x00007fff503c2000 	/System/Library/Extensions/AMDRadeonX4000GLDriver.bundle/Contents/MacOS/ATIRadeonX4000SCLib.dylib
0x00007fff61bf7000 	/System/Library/Frameworks/OpenGL.framework/Versions/A/Resources/GLRendererFloat.bundle/GLRendererFloat
0x00007fff5fcd1000 	/System/Library/Frameworks/OpenCL.framework/Versions/A/Libraries/libcldcpuengine.dylib
0x00007fff7d5e7000 	/usr/lib/libcrypto.35.dylib
0x00007fff7af2e000 	/System/Library/PrivateFrameworks/TrustEvaluationAgent.framework/Versions/A/TrustEvaluationAgent
0x00007fff51743000 	/System/Library/Extensions/AppleIntelKBLGraphicsMTLDriver.bundle/Contents/MacOS/AppleIntelKBLGraphicsMTLDriver
0x000000011996c000 	/System/Library/Extensions/AMDMTLBronzeDriver.bundle/Contents/MacOS/AMDMTLBronzeDriver
0x00007fff71750000 	/System/Library/PrivateFrameworks/IOAccelMemoryInfo.framework/Versions/A/IOAccelMemoryInfo
0x00007fff6ea01000 	/System/Library/PrivateFrameworks/GPUCompiler.framework/Versions/3802/Libraries/libmetal_timestamp.dylib
0x00007fff6cda3000 	/System/Library/PrivateFrameworks/FamilyControls.framework/Versions/A/FamilyControls
0x00007fff69804000 	/System/Library/PrivateFrameworks/CommerceKit.framework/Versions/A/Frameworks/CommerceCore.framework/Versions/A/CommerceCore
0x00007fff7a989000 	/System/Library/PrivateFrameworks/SystemAdministration.framework/Versions/A/SystemAdministration
0x00007fff67399000 	/System/Library/PrivateFrameworks/AppContainer.framework/Versions/A/AppContainer
0x00007fff780c6000 	/System/Library/PrivateFrameworks/SecCodeWrapper.framework/Versions/A/SecCodeWrapper
0x00007fff6bdbc000 	/System/Library/PrivateFrameworks/DiskManagement.framework/Versions/A/DiskManagement
0x00007fff59587000 	/System/Library/Frameworks/DirectoryService.framework/Versions/A/DirectoryService
0x00007fff6bce9000 	/System/Library/PrivateFrameworks/DiskImages.framework/Versions/A/DiskImages
0x00007fff7202a000 	/System/Library/PrivateFrameworks/LoginUIKit.framework/Versions/A/Frameworks/LoginUICore.framework/Versions/A/LoginUICore
0x00007fff7cab6000 	/usr/lib/libCoreStorage.dylib
0x00007fff7d912000 	/usr/lib/libcsfde.dylib
0x00007fff7e89f000 	/usr/lib/libodfde.dylib
0x00007fff72883000 	/System/Library/PrivateFrameworks/MediaKit.framework/Versions/A/MediaKit
0x00007fff59593000 	/System/Library/Frameworks/DiscRecording.framework/Versions/A/DiscRecording
0x00007fff6bec7000 	/System/Library/PrivateFrameworks/EFILogin.framework/Versions/A/EFILogin
0x00007fff76691000 	/System/Library/PrivateFrameworks/ProtectedCloudStorage.framework/Versions/A/ProtectedCloudStorage
0x00007fff7d99f000 	/usr/lib/libcurl.4.dylib
0x00007fff7ebc6000 	/usr/lib/libssl.35.dylib
0x00007fff5b393000 	/System/Library/Frameworks/LDAP.framework/Versions/A/LDAP
0x00007fff7e9c2000 	/usr/lib/libsasl2.2.dylib
0x00007fff6a0b6000 	/System/Library/PrivateFrameworks/CoreDaemon.framework/Versions/B/CoreDaemon
0x00007fff675d4000 	/System/Library/PrivateFrameworks/AppleSRP.framework/Versions/A/AppleSRP
0x00007fff7bdad000 	/System/Library/PrivateFrameworks/ViewBridge.framework/Versions/A/ViewBridge
0x0000000133725000 	/Library/Java/JavaVirtualMachines/jdk1.8.0_201.jdk/Contents/Home/jre/lib/libfontmanager.dylib
0x0000000134346000 	/Library/Java/JavaVirtualMachines/jdk1.8.0_201.jdk/Contents/Home/jre/lib/libosxui.dylib
0x000000013501f000 	/Library/Java/JavaVirtualMachines/jdk1.8.0_201.jdk/Contents/Home/jre/lib/libnet.dylib
0x0000000134fc3000 	/Library/Java/JavaVirtualMachines/jdk1.8.0_201.jdk/Contents/Home/jre/lib/libnio.dylib
0x0000000118753000 	/private/var/folders/0d/wr3k3hx10rz8pn02h5xblk3m0000gn/T/jogamp_0000/file_cache/jln1578839501326116594/jln979209242403764002/libgluegen-rt.jnilib
0x0000000118758000 	/private/var/folders/0d/wr3k3hx10rz8pn02h5xblk3m0000gn/T/jogamp_0000/file_cache/jln1578839501326116594/jln979209242403764002/libnativewindow_awt.jnilib
0x000000011875b000 	/Library/Java/JavaVirtualMachines/jdk1.8.0_201.jdk/Contents/Home/jre/lib/libjawt.dylib
0x000000011875e000 	/private/var/folders/0d/wr3k3hx10rz8pn02h5xblk3m0000gn/T/jogamp_0000/file_cache/jln1578839501326116594/jln979209242403764002/libnativewindow_macosx.jnilib
0x000000019f6b3000 	/private/var/folders/0d/wr3k3hx10rz8pn02h5xblk3m0000gn/T/jogamp_0000/file_cache/jln1578839501326116594/jln979209242403764002/libjogl_desktop.jnilib

VM Arguments:
jvm_args: -Djava.security.policy=java.policy.applet -Dfile.encoding=UTF-8 
java_command: sun.applet.AppletViewer module1.HelloWorld1552583400362.html
java_class_path (initial): /Users/pei/eclipse-workspace/UCSDUnfoldingMaps/build:/Users/pei/eclipse-workspace/UCSDUnfoldingMaps/lib/core.jar:/Users/pei/eclipse-workspace/UCSDUnfoldingMaps/lib/gluegen-rt.jar:/Users/pei/eclipse-workspace/UCSDUnfoldingMaps/lib/jogl-all.jar:/Users/pei/eclipse-workspace/UCSDUnfoldingMaps/lib/log4j-1.2.15.jar:/Users/pei/eclipse-workspace/UCSDUnfoldingMaps/lib/sqlite-jdbc-3.7.2.jar:/Users/pei/eclipse-workspace/UCSDUnfoldingMaps/lib/json4processing.jar:/Users/pei/eclipse-workspace/UCSDUnfoldingMaps/lib/libTUIO.jar:/Users/pei/eclipse-workspace/UCSDUnfoldingMaps/lib/unfolding.0.9.7-uscd.jar
Launcher Type: SUN_STANDARD

Environment Variables:
PATH=/usr/bin:/bin:/usr/sbin:/sbin
SHELL=/bin/bash

Signal Handlers:
SIGSEGV: [libjvm.dylib+0x5b723d], sa_mask[0]=11111111011111110111111111111111, sa_flags=SA_ONSTACK|SA_RESTART|SA_SIGINFO
SIGBUS: [libjvm.dylib+0x5b723d], sa_mask[0]=11111111011111110111111111111111, sa_flags=SA_RESTART|SA_SIGINFO
SIGFPE: [libjvm.dylib+0x48c9bc], sa_mask[0]=11111111011111110111111111111111, sa_flags=SA_RESTART|SA_SIGINFO
SIGPIPE: [libjvm.dylib+0x48c9bc], sa_mask[0]=11111111011111110111111111111111, sa_flags=SA_RESTART|SA_SIGINFO
SIGXFSZ: [libjvm.dylib+0x48c9bc], sa_mask[0]=11111111011111110111111111111111, sa_flags=SA_RESTART|SA_SIGINFO
SIGILL: [libjvm.dylib+0x48c9bc], sa_mask[0]=11111111011111110111111111111111, sa_flags=SA_RESTART|SA_SIGINFO
SIGUSR1: SIG_DFL, sa_mask[0]=00000000000000000000000000000000, sa_flags=none
SIGUSR2: [libjvm.dylib+0x48c4da], sa_mask[0]=00100000000000000000000000000000, sa_flags=SA_RESTART|SA_SIGINFO
SIGHUP: [libjvm.dylib+0x48aa65], sa_mask[0]=11111111011111110111111111111111, sa_flags=SA_RESTART|SA_SIGINFO
SIGINT: [libjvm.dylib+0x48aa65], sa_mask[0]=11111111011111110111111111111111, sa_flags=SA_RESTART|SA_SIGINFO
SIGTERM: [libjvm.dylib+0x48aa65], sa_mask[0]=11111111011111110111111111111111, sa_flags=SA_RESTART|SA_SIGINFO
SIGQUIT: [libjvm.dylib+0x48aa65], sa_mask[0]=11111111011111110111111111111111, sa_flags=SA_RESTART|SA_SIGINFO


---------------  S Y S T E M  ---------------

OS:Bsduname:Darwin 17.4.0 Darwin Kernel Version 17.4.0: Sun Dec 17 09:19:54 PST 2017; root:xnu-4570.41.2~1/RELEASE_X86_64 x86_64
rlimit: STACK 8192k, CORE 0k, NPROC 1418, NOFILE 10240, AS infinity
load average:2.21 1.89 1.72

CPU:total 8 (initial active 8) (4 cores per cpu, 2 threads per core) family 6 model 158 stepping 9, cmov, cx8, fxsr, mmx, sse, sse2, sse3, ssse3, sse4.1, sse4.2, popcnt, avx, avx2, aes, clmul, erms, rtm, 3dnowpref, lzcnt, ht, tsc, tscinvbit, bmi1, bmi2, adx

Memory: 4k page, physical 16777216k(2594544k free)

/proc/meminfo:


vm_info: Java HotSpot(TM) 64-Bit Server VM (25.201-b09) for bsd-amd64 JRE (1.8.0_201-b09), built on Dec 15 2018 18:35:23 by "java_re" with gcc 4.2.1 (Based on Apple Inc. build 5658) (LLVM build 2336.11.00)

time: Thu Mar 14 12:10:12 2019
timezone: CDT
elapsed time: 12 seconds (0d 0h 0m 12s)

